<?xml version="1.0" encoding="UTF-8"?>
<testng-results ignored="0" total="1" passed="1" failed="0" skipped="0">
  <reporter-output>
  </reporter-output>
  <suite started-at="2024-09-13T15:28:37 IST" name="Suite" finished-at="2024-09-13T15:28:53 IST" duration-ms="15920">
    <groups>
    </groups>
    <test started-at="2024-09-13T15:28:37 IST" name="Test" finished-at="2024-09-13T15:28:53 IST" duration-ms="15920">
      <class name="pageobjectDemo.TestLogin">
        <test-method is-config="true" signature="setup()[pri:0, instance:pageobjectDemo.TestLogin@8dbdac1]" started-at="2024-09-13T15:28:38 IST" name="setup" finished-at="2024-09-13T15:28:51 IST" duration-ms="13326" status="PASS">
          <reporter-output>
          </reporter-output>
        </test-method> <!-- setup -->
        <test-method signature="login()[pri:0, instance:pageobjectDemo.TestLogin@8dbdac1]" started-at="2024-09-13T15:28:51 IST" name="login" finished-at="2024-09-13T15:28:53 IST" duration-ms="2495" status="PASS">
          <reporter-output>
          </reporter-output>
        </test-method> <!-- login -->
      </class> <!-- pageobjectDemo.TestLogin -->
    </test> <!-- Test -->
  </suite> <!-- Suite -->
</testng-results>
