<?xml version="1.0" encoding="UTF-8"?>
<!-- Generated by org.testng.reporters.JUnitXMLReporter -->
<testsuite ignored="0" hostname="DESKTOP-38H9MV0" failures="0" tests="3" name="ChromeTest" time="25.568" errors="0" timestamp="2024-09-11T01:19:30 IST">
  <testcase classname="dataprovider.ParallelTesting" name="testLogo" time="0.14"/>
  <testcase classname="dataprovider.ParallelTesting" name="testUrl" time="0.044"/>
  <testcase classname="dataprovider.ParallelTesting" name="testTitle" time="0.023"/>
</testsuite> <!-- ChromeTest -->
