<?xml version="1.0" encoding="UTF-8"?>
<!-- Generated by org.testng.reporters.JUnitXMLReporter -->
<testsuite ignored="4" hostname="DESKTOP-38H9MV0" failures="0" tests="4" name="GroupingTest" time="0.129" errors="0" timestamp="2024-09-10T00:26:55 IST">
  <testcase classname="grouping_Demo.Login" name="loginByEmail" time="0.022"/>
  <testcase classname="grouping_Demo.Login" name="loginByFacebook" time="0.005"/>
  <testcase classname="grouping_Demo.Login" name="loginByTwitter" time="0.003"/>
  <testcase classname="grouping_Demo.SignUp" name="signUpByEmail" time="0.002"/>
  <testcase classname="grouping_Demo.Payments" name="paymentInRupees" time="0.0">
    <ignored/>
  </testcase> <!-- paymentInRupees -->
  <testcase classname="grouping_Demo.SignUp" name="signUpByFacebook" time="0.0">
    <ignored/>
  </testcase> <!-- signUpByFacebook -->
  <testcase classname="grouping_Demo.Payments" name="paymentInDollar" time="0.0">
    <ignored/>
  </testcase> <!-- paymentInDollar -->
  <testcase classname="grouping_Demo.SignUp" name="SignUpByTwitter" time="0.0">
    <ignored/>
  </testcase> <!-- SignUpByTwitter -->
</testsuite> <!-- GroupingTest -->
